

Microchip MPLAB XC8 Assembler V2.31 build 20201012212115 
                                                                                               Tue Aug 24 19:41:24 2021

Microchip MPLAB XC8 C Compiler v2.31 (Free license) build 20201012212115 Og1 
     1                           	processor	16F887
     2                           	pagewidth 120
     3                           	opt	flic
     4                           	psect	cinit,global,class=CODE,merge=1,delta=2
     5                           	psect	bssCOMMON,global,class=COMMON,space=1,delta=1,noexec
     6                           	psect	cstackCOMMON,global,class=COMMON,space=1,delta=1,noexec
     7                           	psect	maintext,global,class=CODE,split=1,delta=2
     8                           	psect	text1,local,class=CODE,merge=1,delta=2
     9                           	psect	text2,local,class=CODE,merge=1,delta=2
    10                           	psect	text3,local,class=CODE,merge=1,delta=2
    11                           	psect	intentry,global,class=CODE,delta=2
    12                           	psect	config,global,abs,ovrld,class=CONFIG,space=4,delta=2,noexec
    13                           	dabs	1,0x7E,2
    14  0000                     
    15                           ; Version 2.20
    16                           ; Generated 12/02/2020 GMT
    17                           ; 
    18                           ; Copyright © 2020, Microchip Technology Inc. and its subsidiaries ("Microchip")
    19                           ; All rights reserved.
    20                           ; 
    21                           ; This software is developed by Microchip Technology Inc. and its subsidiaries ("Microch
      +                          ip").
    22                           ; 
    23                           ; Redistribution and use in source and binary forms, with or without modification, are
    24                           ; permitted provided that the following conditions are met:
    25                           ; 
    26                           ;     1. Redistributions of source code must retain the above copyright notice, this lis
      +                          t of
    27                           ;        conditions and the following disclaimer.
    28                           ; 
    29                           ;     2. Redistributions in binary form must reproduce the above copyright notice, this 
      +                          list
    30                           ;        of conditions and the following disclaimer in the documentation and/or other
    31                           ;        materials provided with the distribution.
    32                           ; 
    33                           ;     3. Microchip's name may not be used to endorse or promote products derived from th
      +                          is
    34                           ;        software without specific prior written permission.
    35                           ; 
    36                           ; THIS SOFTWARE IS PROVIDED BY MICROCHIP "AS IS" AND ANY EXPRESS OR IMPLIED WARRANTIES,
    37                           ; INCLUDING, BUT NOT LIMITED TO, THE IMPLIED WARRANTIES OF MERCHANTABILITY AND FITNESS F
      +                          OR
    38                           ; PURPOSE ARE DISCLAIMED.  IN NO EVENT SHALL MICROCHIP BE LIABLE FOR ANY DIRECT, INDIREC
      +                          T,
    39                           ; INCIDENTAL, SPECIAL, EXEMPLARY, OR CONSEQUENTIAL DAMAGES (INCLUDING BUT NOT LIMITED TO
    40                           ; PROCUREMENT OF SUBSTITUTE GOODS OR SERVICES; LOSS OF USE, DATA OR PROFITS; OR BUSINESS
    41                           ; INTERRUPTION) HOWSOEVER CAUSED AND ON ANY THEORY OF LIABILITY, WHETHER IN CONTRACT, ST
      +                          RICT
    42                           ; LIABILITY, OR TORT (INCLUDING NEGLIGENCE OR OTHERWISE) ARISING IN ANY WAY OUT OF THE U
      +                          SE OF
    43                           ; THIS SOFTWARE, EVEN IF ADVISED OF THE POSSIBILITY OF SUCH DAMAGE.
    44                           ; 
    45                           ; 
    46                           ; Code-generator required, PIC16F887 Definitions
    47                           ; 
    48                           ; SFR Addresses
    49  0000                     	;# 
    50  0001                     	;# 
    51  0002                     	;# 
    52  0003                     	;# 
    53  0004                     	;# 
    54  0005                     	;# 
    55  0006                     	;# 
    56  0007                     	;# 
    57  0008                     	;# 
    58  0009                     	;# 
    59  000A                     	;# 
    60  000B                     	;# 
    61  000C                     	;# 
    62  000D                     	;# 
    63  000E                     	;# 
    64  000E                     	;# 
    65  000F                     	;# 
    66  0010                     	;# 
    67  0011                     	;# 
    68  0012                     	;# 
    69  0013                     	;# 
    70  0014                     	;# 
    71  0015                     	;# 
    72  0015                     	;# 
    73  0016                     	;# 
    74  0017                     	;# 
    75  0018                     	;# 
    76  0019                     	;# 
    77  001A                     	;# 
    78  001B                     	;# 
    79  001B                     	;# 
    80  001C                     	;# 
    81  001D                     	;# 
    82  001E                     	;# 
    83  001F                     	;# 
    84  0081                     	;# 
    85  0085                     	;# 
    86  0086                     	;# 
    87  0087                     	;# 
    88  0088                     	;# 
    89  0089                     	;# 
    90  008C                     	;# 
    91  008D                     	;# 
    92  008E                     	;# 
    93  008F                     	;# 
    94  0090                     	;# 
    95  0091                     	;# 
    96  0092                     	;# 
    97  0093                     	;# 
    98  0093                     	;# 
    99  0093                     	;# 
   100  0094                     	;# 
   101  0095                     	;# 
   102  0096                     	;# 
   103  0097                     	;# 
   104  0098                     	;# 
   105  0099                     	;# 
   106  009A                     	;# 
   107  009B                     	;# 
   108  009C                     	;# 
   109  009D                     	;# 
   110  009E                     	;# 
   111  009F                     	;# 
   112  0105                     	;# 
   113  0107                     	;# 
   114  0108                     	;# 
   115  0109                     	;# 
   116  010C                     	;# 
   117  010C                     	;# 
   118  010D                     	;# 
   119  010E                     	;# 
   120  010F                     	;# 
   121  0185                     	;# 
   122  0187                     	;# 
   123  0188                     	;# 
   124  0189                     	;# 
   125  018C                     	;# 
   126  018D                     	;# 
   127  0000                     	;# 
   128  0001                     	;# 
   129  0002                     	;# 
   130  0003                     	;# 
   131  0004                     	;# 
   132  0005                     	;# 
   133  0006                     	;# 
   134  0007                     	;# 
   135  0008                     	;# 
   136  0009                     	;# 
   137  000A                     	;# 
   138  000B                     	;# 
   139  000C                     	;# 
   140  000D                     	;# 
   141  000E                     	;# 
   142  000E                     	;# 
   143  000F                     	;# 
   144  0010                     	;# 
   145  0011                     	;# 
   146  0012                     	;# 
   147  0013                     	;# 
   148  0014                     	;# 
   149  0015                     	;# 
   150  0015                     	;# 
   151  0016                     	;# 
   152  0017                     	;# 
   153  0018                     	;# 
   154  0019                     	;# 
   155  001A                     	;# 
   156  001B                     	;# 
   157  001B                     	;# 
   158  001C                     	;# 
   159  001D                     	;# 
   160  001E                     	;# 
   161  001F                     	;# 
   162  0081                     	;# 
   163  0085                     	;# 
   164  0086                     	;# 
   165  0087                     	;# 
   166  0088                     	;# 
   167  0089                     	;# 
   168  008C                     	;# 
   169  008D                     	;# 
   170  008E                     	;# 
   171  008F                     	;# 
   172  0090                     	;# 
   173  0091                     	;# 
   174  0092                     	;# 
   175  0093                     	;# 
   176  0093                     	;# 
   177  0093                     	;# 
   178  0094                     	;# 
   179  0095                     	;# 
   180  0096                     	;# 
   181  0097                     	;# 
   182  0098                     	;# 
   183  0099                     	;# 
   184  009A                     	;# 
   185  009B                     	;# 
   186  009C                     	;# 
   187  009D                     	;# 
   188  009E                     	;# 
   189  009F                     	;# 
   190  0105                     	;# 
   191  0107                     	;# 
   192  0108                     	;# 
   193  0109                     	;# 
   194  010C                     	;# 
   195  010C                     	;# 
   196  010D                     	;# 
   197  010E                     	;# 
   198  010F                     	;# 
   199  0185                     	;# 
   200  0187                     	;# 
   201  0188                     	;# 
   202  0189                     	;# 
   203  018C                     	;# 
   204  018D                     	;# 
   205  0000                     	;# 
   206  0001                     	;# 
   207  0002                     	;# 
   208  0003                     	;# 
   209  0004                     	;# 
   210  0005                     	;# 
   211  0006                     	;# 
   212  0007                     	;# 
   213  0008                     	;# 
   214  0009                     	;# 
   215  000A                     	;# 
   216  000B                     	;# 
   217  000C                     	;# 
   218  000D                     	;# 
   219  000E                     	;# 
   220  000E                     	;# 
   221  000F                     	;# 
   222  0010                     	;# 
   223  0011                     	;# 
   224  0012                     	;# 
   225  0013                     	;# 
   226  0014                     	;# 
   227  0015                     	;# 
   228  0015                     	;# 
   229  0016                     	;# 
   230  0017                     	;# 
   231  0018                     	;# 
   232  0019                     	;# 
   233  001A                     	;# 
   234  001B                     	;# 
   235  001B                     	;# 
   236  001C                     	;# 
   237  001D                     	;# 
   238  001E                     	;# 
   239  001F                     	;# 
   240  0081                     	;# 
   241  0085                     	;# 
   242  0086                     	;# 
   243  0087                     	;# 
   244  0088                     	;# 
   245  0089                     	;# 
   246  008C                     	;# 
   247  008D                     	;# 
   248  008E                     	;# 
   249  008F                     	;# 
   250  0090                     	;# 
   251  0091                     	;# 
   252  0092                     	;# 
   253  0093                     	;# 
   254  0093                     	;# 
   255  0093                     	;# 
   256  0094                     	;# 
   257  0095                     	;# 
   258  0096                     	;# 
   259  0097                     	;# 
   260  0098                     	;# 
   261  0099                     	;# 
   262  009A                     	;# 
   263  009B                     	;# 
   264  009C                     	;# 
   265  009D                     	;# 
   266  009E                     	;# 
   267  009F                     	;# 
   268  0105                     	;# 
   269  0107                     	;# 
   270  0108                     	;# 
   271  0109                     	;# 
   272  010C                     	;# 
   273  010C                     	;# 
   274  010D                     	;# 
   275  010E                     	;# 
   276  010F                     	;# 
   277  0185                     	;# 
   278  0187                     	;# 
   279  0188                     	;# 
   280  0189                     	;# 
   281  018C                     	;# 
   282  018D                     	;# 
   283  0014                     _SSPCON	set	20
   284  0009                     _PORTE	set	9
   285  0007                     _PORTC	set	7
   286  0006                     _PORTB	set	6
   287  0005                     _PORTA	set	5
   288  0013                     _SSPBUF	set	19
   289  0014                     _SSPCONbits	set	20
   290  000C                     _PIR1bits	set	12
   291  000B                     _INTCONbits	set	11
   292  0008                     _PORTD	set	8
   293  0006                     _PORTBbits	set	6
   294  0063                     _SSPIF	set	99
   295  005E                     _PEIE	set	94
   296  005F                     _GIE	set	95
   297  0058                     _RBIF	set	88
   298  0091                     _SSPCON2bits	set	145
   299  0087                     _TRISCbits	set	135
   300  0094                     _SSPSTAT	set	148
   301  0093                     _SSPADD	set	147
   302  0091                     _SSPCON2	set	145
   303  0096                     _IOCBbits	set	150
   304  0095                     _WPUB	set	149
   305  0081                     _OPTION_REGbits	set	129
   306  008F                     _OSCCONbits	set	143
   307  0088                     _TRISD	set	136
   308  0086                     _TRISBbits	set	134
   309  0094                     _SSPSTATbits	set	148
   310  0463                     _SSPIE	set	1123
   311  043C                     _TRISC4	set	1084
   312  043B                     _TRISC3	set	1083
   313  04A0                     _BF	set	1184
   314  0189                     _ANSELH	set	393
   315  0188                     _ANSEL	set	392
   316                           
   317                           	psect	cinit
   318  000F                     start_initialization:	
   319                           ; #config settings
   320                           
   321  000F                     __initialization:
   322                           
   323                           ; Clear objects allocated to COMMON
   324  000F  01F6               	clrf	__pbssCOMMON& (0+127)
   325  0010  01F7               	clrf	(__pbssCOMMON+1)& (0+127)
   326  0011                     end_of_initialization:	
   327                           ;End of C runtime variable initialization code
   328                           
   329  0011                     __end_of__initialization:
   330  0011  0183               	clrf	3
   331  0012  120A  118A  290C   	ljmp	_main	;jump to C main() function
   332                           
   333                           	psect	bssCOMMON
   334  0076                     __pbssCOMMON:
   335  0076                     _dato1:
   336  0076                     	ds	1
   337  0077                     _z:
   338  0077                     	ds	1
   339                           
   340                           	psect	cstackCOMMON
   341  0070                     __pcstackCOMMON:
   342  0070                     ?_setup:
   343  0070                     ?_I2C_Slave_Init:	
   344                           ; 1 bytes @ 0x0
   345                           
   346  0070                     ?_isr:	
   347                           ; 1 bytes @ 0x0
   348                           
   349  0070                     ??_isr:	
   350                           ; 1 bytes @ 0x0
   351                           
   352  0070                     ?_main:	
   353                           ; 1 bytes @ 0x0
   354                           
   355                           
   356                           ; 1 bytes @ 0x0
   357  0070                     	ds	5
   358  0075                     ??_I2C_Slave_Init:
   359  0075                     I2C_Slave_Init@address:	
   360                           ; 1 bytes @ 0x5
   361                           
   362                           
   363                           ; 1 bytes @ 0x5
   364  0075                     	ds	1
   365  0076                     ??_setup:
   366  0076                     ??_main:	
   367                           ; 1 bytes @ 0x6
   368                           
   369                           
   370                           	psect	maintext
   371  010C                     __pmaintext:	
   372                           ; 1 bytes @ 0x6
   373 ;;
   374 ;;Main: autosize = 0, tempsize = 0, incstack = 0, save=0
   375 ;;
   376 ;; *************** function _main *****************
   377 ;; Defined at:
   378 ;;		line 100 in file "main_slave1.c"
   379 ;; Parameters:    Size  Location     Type
   380 ;;		None
   381 ;; Auto vars:     Size  Location     Type
   382 ;;		None
   383 ;; Return value:  Size  Location     Type
   384 ;;                  1    wreg      void 
   385 ;; Registers used:
   386 ;;		wreg, status,2, status,0, pclath, cstack
   387 ;; Tracked objects:
   388 ;;		On entry : B00/0
   389 ;;		On exit  : 0/0
   390 ;;		Unchanged: 0/0
   391 ;; Data sizes:     COMMON   BANK0   BANK1   BANK3   BANK2
   392 ;;      Params:         0       0       0       0       0
   393 ;;      Locals:         0       0       0       0       0
   394 ;;      Temps:          0       0       0       0       0
   395 ;;      Totals:         0       0       0       0       0
   396 ;;Total ram usage:        0 bytes
   397 ;; Hardware stack levels required when called:    3
   398 ;; This function calls:
   399 ;;		_setup
   400 ;; This function is called by:
   401 ;;		Startup code after reset
   402 ;; This function uses a non-reentrant model
   403 ;;
   404                           
   405                           
   406                           ;psect for function _main
   407  010C                     _main:
   408  010C                     l824:	
   409                           ;incstack = 0
   410                           ; Regs used in _main: [wreg+status,2+status,0+pclath+cstack]
   411                           
   412                           
   413                           ;main_slave1.c: 101:     INTCONbits.GIE = 1;
   414  010C  120A  118A  20CE  120A  118A  	fcall	_setup
   415  0111                     l79:	
   416                           ;main_slave1.c: 103:     INTCONbits.RBIF = 1;
   417                           
   418  0111                     l80:	
   419                           ;main_slave1.c: 106: 
   420                           
   421  0111  2911               	goto	l79
   422  0112  120A  118A  280C   	ljmp	start
   423  0115                     __end_of_main:
   424                           
   425                           	psect	text1
   426  00CE                     __ptext1:	
   427 ;; *************** function _setup *****************
   428 ;; Defined at:
   429 ;;		line 110 in file "main_slave1.c"
   430 ;; Parameters:    Size  Location     Type
   431 ;;		None
   432 ;; Auto vars:     Size  Location     Type
   433 ;;		None
   434 ;; Return value:  Size  Location     Type
   435 ;;                  1    wreg      void 
   436 ;; Registers used:
   437 ;;		wreg, status,2, status,0, pclath, cstack
   438 ;; Tracked objects:
   439 ;;		On entry : 0/0
   440 ;;		On exit  : 0/0
   441 ;;		Unchanged: 0/0
   442 ;; Data sizes:     COMMON   BANK0   BANK1   BANK3   BANK2
   443 ;;      Params:         0       0       0       0       0
   444 ;;      Locals:         0       0       0       0       0
   445 ;;      Temps:          0       0       0       0       0
   446 ;;      Totals:         0       0       0       0       0
   447 ;;Total ram usage:        0 bytes
   448 ;; Hardware stack levels used:    1
   449 ;; Hardware stack levels required when called:    2
   450 ;; This function calls:
   451 ;;		_I2C_Slave_Init
   452 ;; This function is called by:
   453 ;;		_main
   454 ;; This function uses a non-reentrant model
   455 ;;
   456                           
   457                           
   458                           ;psect for function _setup
   459  00CE                     _setup:
   460  00CE                     l746:	
   461                           ;incstack = 0
   462                           ; Regs used in _setup: [wreg+status,2+status,0+pclath+cstack]
   463                           
   464  00CE  1683               	bsf	3,5	;RP0=1, select bank3
   465  00CF  1703               	bsf	3,6	;RP1=1, select bank3
   466  00D0  0188               	clrf	8	;volatile
   467  00D1  0189               	clrf	9	;volatile
   468  00D2                     l748:
   469  00D2  1683               	bsf	3,5	;RP0=1, select bank1
   470  00D3  1303               	bcf	3,6	;RP1=0, select bank1
   471  00D4  1406               	bsf	6,0	;volatile
   472  00D5  0188               	clrf	8	;volatile
   473  00D6  1283               	bcf	3,5	;RP0=0, select bank0
   474  00D7  1303               	bcf	3,6	;RP1=0, select bank0
   475  00D8  0185               	clrf	5	;volatile
   476  00D9  0186               	clrf	6	;volatile
   477  00DA  0187               	clrf	7	;volatile
   478  00DB  0188               	clrf	8	;volatile
   479  00DC  0189               	clrf	9	;volatile
   480  00DD                     l750:
   481  00DD  1683               	bsf	3,5	;RP0=1, select bank1
   482  00DE  1303               	bcf	3,6	;RP1=0, select bank1
   483  00DF  120F               	bcf	15,4	;volatile
   484  00E0                     l752:
   485  00E0  168F               	bsf	15,5	;volatile
   486  00E1                     l754:
   487  00E1  170F               	bsf	15,6	;volatile
   488  00E2                     l756:
   489  00E2  140F               	bsf	15,0	;volatile
   490  00E3                     l758:
   491  00E3  1381               	bcf	1,7	;volatile
   492  00E4                     l760:
   493  00E4  3001               	movlw	1
   494  00E5  0095               	movwf	21	;volatile
   495  00E6                     l762:
   496  00E6  1416               	bsf	22,0	;volatile
   497  00E7                     l764:
   498  00E7  178B               	bsf	11,7	;volatile
   499  00E8                     l766:
   500  00E8  170B               	bsf	11,6	;volatile
   501  00E9                     l768:
   502  00E9  140B               	bsf	11,0	;volatile
   503  00EA                     l770:
   504  00EA  158B               	bsf	11,3	;volatile
   505  00EB                     l772:
   506  00EB  3050               	movlw	80
   507  00EC  120A  118A  20F2  120A  118A  	fcall	_I2C_Slave_Init
   508  00F1                     l85:
   509  00F1  0008               	return
   510  00F2                     __end_of_setup:
   511                           
   512                           	psect	text2
   513  00F2                     __ptext2:	
   514 ;; *************** function _I2C_Slave_Init *****************
   515 ;; Defined at:
   516 ;;		line 93 in file "I2C.c"
   517 ;; Parameters:    Size  Location     Type
   518 ;;  address         1    wreg     unsigned char 
   519 ;; Auto vars:     Size  Location     Type
   520 ;;  address         1    5[COMMON] unsigned char 
   521 ;; Return value:  Size  Location     Type
   522 ;;                  1    wreg      void 
   523 ;; Registers used:
   524 ;;		wreg
   525 ;; Tracked objects:
   526 ;;		On entry : 0/0
   527 ;;		On exit  : 0/0
   528 ;;		Unchanged: 0/0
   529 ;; Data sizes:     COMMON   BANK0   BANK1   BANK3   BANK2
   530 ;;      Params:         0       0       0       0       0
   531 ;;      Locals:         1       0       0       0       0
   532 ;;      Temps:          0       0       0       0       0
   533 ;;      Totals:         1       0       0       0       0
   534 ;;Total ram usage:        1 bytes
   535 ;; Hardware stack levels used:    1
   536 ;; Hardware stack levels required when called:    1
   537 ;; This function calls:
   538 ;;		Nothing
   539 ;; This function is called by:
   540 ;;		_setup
   541 ;; This function uses a non-reentrant model
   542 ;;
   543                           
   544                           
   545                           ;psect for function _I2C_Slave_Init
   546  00F2                     _I2C_Slave_Init:
   547                           
   548                           ;incstack = 0
   549                           ; Regs used in _I2C_Slave_Init: [wreg]
   550                           ;I2C_Slave_Init@address stored from wreg
   551  00F2  00F5               	movwf	I2C_Slave_Init@address
   552  00F3                     l732:
   553                           
   554                           ;I2C.c: 93: void I2C_Slave_Init(uint8_t address);I2C.c: 94: {;I2C.c: 95:     SSPADD = ad
      +                          dress;
   555  00F3  0875               	movf	I2C_Slave_Init@address,w
   556  00F4  1683               	bsf	3,5	;RP0=1, select bank1
   557  00F5  1303               	bcf	3,6	;RP1=0, select bank1
   558  00F6  0093               	movwf	19	;volatile
   559                           
   560                           ;I2C.c: 96:     SSPCON = 0x36;
   561  00F7  3036               	movlw	54
   562  00F8  1283               	bcf	3,5	;RP0=0, select bank0
   563  00F9  1303               	bcf	3,6	;RP1=0, select bank0
   564  00FA  0094               	movwf	20	;volatile
   565                           
   566                           ;I2C.c: 97:     SSPSTAT = 0x80;
   567  00FB  3080               	movlw	128
   568  00FC  1683               	bsf	3,5	;RP0=1, select bank1
   569  00FD  1303               	bcf	3,6	;RP1=0, select bank1
   570  00FE  0094               	movwf	20	;volatile
   571                           
   572                           ;I2C.c: 98:     SSPCON2 = 0x01;
   573  00FF  3001               	movlw	1
   574  0100  0091               	movwf	17	;volatile
   575  0101                     l734:
   576                           
   577                           ;I2C.c: 99:     TRISC3 = 1;
   578  0101  1587               	bsf	7,3	;volatile
   579  0102                     l736:
   580                           
   581                           ;I2C.c: 100:     TRISC4 = 1;
   582  0102  1607               	bsf	7,4	;volatile
   583  0103                     l738:
   584                           
   585                           ;I2C.c: 101:     GIE = 1;
   586  0103  178B               	bsf	11,7	;volatile
   587  0104                     l740:
   588                           
   589                           ;I2C.c: 102:     PEIE = 1;
   590  0104  170B               	bsf	11,6	;volatile
   591  0105                     l742:
   592                           
   593                           ;I2C.c: 103:     SSPIF = 0;
   594  0105  1283               	bcf	3,5	;RP0=0, select bank0
   595  0106  1303               	bcf	3,6	;RP1=0, select bank0
   596  0107  118C               	bcf	12,3	;volatile
   597  0108                     l744:
   598                           
   599                           ;I2C.c: 104:     SSPIE = 1;
   600  0108  1683               	bsf	3,5	;RP0=1, select bank1
   601  0109  1303               	bcf	3,6	;RP1=0, select bank1
   602  010A  158C               	bsf	12,3	;volatile
   603  010B                     l140:
   604  010B  0008               	return
   605  010C                     __end_of_I2C_Slave_Init:
   606                           
   607                           	psect	text3
   608  0015                     __ptext3:	
   609 ;; *************** function _isr *****************
   610 ;; Defined at:
   611 ;;		line 43 in file "main_slave1.c"
   612 ;; Parameters:    Size  Location     Type
   613 ;;		None
   614 ;; Auto vars:     Size  Location     Type
   615 ;;		None
   616 ;; Return value:  Size  Location     Type
   617 ;;                  1    wreg      void 
   618 ;; Registers used:
   619 ;;		wreg, status,2
   620 ;; Tracked objects:
   621 ;;		On entry : 0/0
   622 ;;		On exit  : 0/0
   623 ;;		Unchanged: 0/0
   624 ;; Data sizes:     COMMON   BANK0   BANK1   BANK3   BANK2
   625 ;;      Params:         0       0       0       0       0
   626 ;;      Locals:         0       0       0       0       0
   627 ;;      Temps:          5       0       0       0       0
   628 ;;      Totals:         5       0       0       0       0
   629 ;;Total ram usage:        5 bytes
   630 ;; Hardware stack levels used:    1
   631 ;; This function calls:
   632 ;;		Nothing
   633 ;; This function is called by:
   634 ;;		Interrupt level 1
   635 ;; This function uses a non-reentrant model
   636 ;;
   637                           
   638                           
   639                           ;psect for function _isr
   640  0015                     _isr:
   641  0015                     i1l778:
   642                           
   643                           ;main_slave1.c: 45:             z = SSPBUF;
   644  0015  1C0B               	btfss	11,0	;volatile
   645  0016  2818               	goto	u3_21
   646  0017  2819               	goto	u3_20
   647  0018                     u3_21:
   648  0018  286B               	goto	i1l790
   649  0019                     u3_20:
   650  0019                     i1l780:
   651                           
   652                           ;main_slave1.c: 46:             PIR1bits.SSPIF = 0;;main_slave1.c: 47:             SSPCO
      +                          Nbits.CKP = 1;
   653  0019  1283               	bcf	3,5	;RP0=0, select bank0
   654  001A  1303               	bcf	3,6	;RP1=0, select bank0
   655  001B  1806               	btfsc	6,0	;volatile
   656  001C  281E               	goto	u4_21
   657  001D  281F               	goto	u4_20
   658  001E                     u4_21:
   659  001E  2864               	goto	i1l58
   660  001F                     u4_20:
   661  001F                     i1l782:
   662                           
   663                           ;main_slave1.c: 48:             while(!SSPSTATbits.BF);;main_slave1.c: 49:             d
      +                          ato1 = SSPBUF;
   664  001F  3003               	movlw	3
   665  0020  0088               	movwf	8	;volatile
   666                           
   667                           ;main_slave1.c: 50:             _delay((unsigned long)((250)*(4000000/4000000.0)));
   668  0021  3003               	movlw	3
   669  0022  00F2               	movwf	??_isr+2
   670  0023  308A               	movlw	138
   671  0024  00F1               	movwf	??_isr+1
   672  0025  3055               	movlw	85
   673  0026  00F0               	movwf	??_isr
   674  0027                     u17_27:
   675  0027  0BF0               	decfsz	??_isr,f
   676  0028  2827               	goto	u17_27
   677  0029  0BF1               	decfsz	??_isr+1,f
   678  002A  2827               	goto	u17_27
   679  002B  0BF2               	decfsz	??_isr+2,f
   680  002C  2827               	goto	u17_27
   681  002D  282E               	nop2
   682                           
   683                           ;main_slave1.c: 51: 
   684  002E  3006               	movlw	6
   685  002F  1283               	bcf	3,5	;RP0=0, select bank0
   686  0030  1303               	bcf	3,6	;RP1=0, select bank0
   687  0031  0088               	movwf	8	;volatile
   688                           
   689                           ;main_slave1.c: 52:         }else if(!SSPSTATbits.D_nA && SSPSTATbits.R_nW){
   690  0032  3003               	movlw	3
   691  0033  00F2               	movwf	??_isr+2
   692  0034  308A               	movlw	138
   693  0035  00F1               	movwf	??_isr+1
   694  0036  3055               	movlw	85
   695  0037  00F0               	movwf	??_isr
   696  0038                     u18_27:
   697  0038  0BF0               	decfsz	??_isr,f
   698  0039  2838               	goto	u18_27
   699  003A  0BF1               	decfsz	??_isr+1,f
   700  003B  2838               	goto	u18_27
   701  003C  0BF2               	decfsz	??_isr+2,f
   702  003D  2838               	goto	u18_27
   703  003E  283F               	nop2
   704                           
   705                           ;main_slave1.c: 53:             z = SSPBUF;
   706  003F  300C               	movlw	12
   707  0040  1283               	bcf	3,5	;RP0=0, select bank0
   708  0041  1303               	bcf	3,6	;RP1=0, select bank0
   709  0042  0088               	movwf	8	;volatile
   710                           
   711                           ;main_slave1.c: 54:             BF = 0;
   712  0043  3003               	movlw	3
   713  0044  00F2               	movwf	??_isr+2
   714  0045  308A               	movlw	138
   715  0046  00F1               	movwf	??_isr+1
   716  0047  3055               	movlw	85
   717  0048  00F0               	movwf	??_isr
   718  0049                     u19_27:
   719  0049  0BF0               	decfsz	??_isr,f
   720  004A  2849               	goto	u19_27
   721  004B  0BF1               	decfsz	??_isr+1,f
   722  004C  2849               	goto	u19_27
   723  004D  0BF2               	decfsz	??_isr+2,f
   724  004E  2849               	goto	u19_27
   725  004F  2850               	nop2
   726                           
   727                           ;main_slave1.c: 55:             SSPBUF = dato1;
   728  0050  3009               	movlw	9
   729  0051  1283               	bcf	3,5	;RP0=0, select bank0
   730  0052  1303               	bcf	3,6	;RP1=0, select bank0
   731  0053  0088               	movwf	8	;volatile
   732                           
   733                           ;main_slave1.c: 56:             SSPCONbits.CKP = 1;
   734  0054  3003               	movlw	3
   735  0055  00F2               	movwf	??_isr+2
   736  0056  308A               	movlw	138
   737  0057  00F1               	movwf	??_isr+1
   738  0058  3055               	movlw	85
   739  0059  00F0               	movwf	??_isr
   740  005A                     u20_27:
   741  005A  0BF0               	decfsz	??_isr,f
   742  005B  285A               	goto	u20_27
   743  005C  0BF1               	decfsz	??_isr+1,f
   744  005D  285A               	goto	u20_27
   745  005E  0BF2               	decfsz	??_isr+2,f
   746  005F  285A               	goto	u20_27
   747  0060  2861               	nop2
   748  0061                     i1l784:
   749                           
   750                           ;main_slave1.c: 57:             _delay((unsigned long)((250)*(4000000/4000000.0)));
   751  0061  01F6               	clrf	_dato1
   752  0062  0AF6               	incf	_dato1,f
   753                           
   754                           ;main_slave1.c: 58:             while(SSPSTATbits.BF);
   755  0063  286A               	goto	i1l788
   756  0064                     i1l58:	
   757                           ;main_slave1.c: 59:         }
   758                           
   759  0064  1C06               	btfss	6,0	;volatile
   760  0065  2867               	goto	u5_21
   761  0066  2868               	goto	u5_20
   762  0067                     u5_21:
   763  0067  286A               	goto	i1l788
   764  0068                     u5_20:
   765  0068                     i1l786:
   766                           
   767                           ;main_slave1.c: 60: ;main_slave1.c: 61:         PIR1bits.SSPIF = 0;
   768  0068  0188               	clrf	8	;volatile
   769                           
   770                           ;main_slave1.c: 62:     }
   771  0069  01F6               	clrf	_dato1
   772  006A                     i1l788:
   773                           
   774                           ;main_slave1.c: 64: 
   775  006A  100B               	bcf	11,0	;volatile
   776  006B                     i1l790:
   777                           
   778                           ;main_slave1.c: 68:     while(1){
   779  006B  1283               	bcf	3,5	;RP0=0, select bank0
   780  006C  1303               	bcf	3,6	;RP1=0, select bank0
   781  006D  1D8C               	btfss	12,3	;volatile
   782  006E  2870               	goto	u6_21
   783  006F  2871               	goto	u6_20
   784  0070                     u6_21:
   785  0070  28C7               	goto	i1l74
   786  0071                     u6_20:
   787  0071                     i1l792:
   788                           
   789                           ;main_slave1.c: 70: 
   790  0071  1214               	bcf	20,4	;volatile
   791                           
   792                           ;main_slave1.c: 72:     return;
   793  0072  1B14               	btfsc	20,6	;volatile
   794  0073  2875               	goto	u7_21
   795  0074  2876               	goto	u7_20
   796  0075                     u7_21:
   797  0075  287A               	goto	i1l796
   798  0076                     u7_20:
   799  0076                     i1l794:
   800  0076  1F94               	btfss	20,7	;volatile
   801  0077  2879               	goto	u8_21
   802  0078  287A               	goto	u8_20
   803  0079                     u8_21:
   804  0079  2881               	goto	i1l804
   805  007A                     u8_20:
   806  007A                     i1l796:
   807                           
   808                           ;main_slave1.c: 73: }
   809  007A  0813               	movf	19,w	;volatile
   810  007B  00F0               	movwf	??_isr
   811  007C  0870               	movf	??_isr,w
   812  007D  00F7               	movwf	_z
   813  007E                     i1l798:
   814                           
   815                           ;main_slave1.c: 74: 
   816  007E  1314               	bcf	20,6	;volatile
   817  007F                     i1l800:
   818                           
   819                           ;main_slave1.c: 75: void setup(void){
   820  007F  1394               	bcf	20,7	;volatile
   821  0080                     i1l802:
   822                           
   823                           ;main_slave1.c: 76:     ANSEL = 0;
   824  0080  1614               	bsf	20,4	;volatile
   825  0081                     i1l804:
   826                           
   827                           ;main_slave1.c: 79:     TRISBbits.TRISB0 = 1;
   828  0081  1683               	bsf	3,5	;RP0=1, select bank1
   829  0082  1303               	bcf	3,6	;RP1=0, select bank1
   830  0083  1A94               	btfsc	20,5	;volatile
   831  0084  2886               	goto	u9_21
   832  0085  2887               	goto	u9_20
   833  0086                     u9_21:
   834  0086  28A4               	goto	i1l65
   835  0087                     u9_20:
   836  0087                     i1l806:
   837  0087  1914               	btfsc	20,2	;volatile
   838  0088  288A               	goto	u10_21
   839  0089  288B               	goto	u10_20
   840  008A                     u10_21:
   841  008A  28A4               	goto	i1l65
   842  008B                     u10_20:
   843  008B                     i1l808:
   844                           
   845                           ;main_slave1.c: 80:     TRISD = 0;
   846  008B  1283               	bcf	3,5	;RP0=0, select bank0
   847  008C  1303               	bcf	3,6	;RP1=0, select bank0
   848  008D  0813               	movf	19,w	;volatile
   849  008E  00F0               	movwf	??_isr
   850  008F  0870               	movf	??_isr,w
   851  0090  00F7               	movwf	_z
   852  0091                     i1l810:
   853                           
   854                           ;main_slave1.c: 81: 
   855  0091  118C               	bcf	12,3	;volatile
   856  0092                     i1l812:
   857                           
   858                           ;main_slave1.c: 82: 
   859  0092  1614               	bsf	20,4	;volatile
   860  0093                     i1l66:	
   861                           ;main_slave1.c: 83:     PORTA = 0x00;
   862                           
   863  0093  1683               	bsf	3,5	;RP0=1, select bank1
   864  0094  1303               	bcf	3,6	;RP1=0, select bank1
   865  0095  1C14               	btfss	20,0	;volatile
   866  0096  2898               	goto	u11_21
   867  0097  2899               	goto	u11_20
   868  0098                     u11_21:
   869  0098  2893               	goto	i1l66
   870  0099                     u11_20:
   871  0099                     i1l814:
   872                           
   873                           ;main_slave1.c: 84:     PORTB = 0x00;
   874  0099  1283               	bcf	3,5	;RP0=0, select bank0
   875  009A  1303               	bcf	3,6	;RP1=0, select bank0
   876  009B  0813               	movf	19,w	;volatile
   877  009C  00F0               	movwf	??_isr
   878  009D  0870               	movf	??_isr,w
   879  009E  00F6               	movwf	_dato1
   880                           
   881                           ;main_slave1.c: 85:     PORTC = 0x00;
   882  009F  3053               	movlw	83
   883  00A0  00F0               	movwf	??_isr
   884  00A1                     u21_27:
   885  00A1  0BF0               	decfsz	??_isr,f
   886  00A2  28A1               	goto	u21_27
   887                           
   888                           ;main_slave1.c: 87:     PORTE = 0x00;
   889  00A3  28C4               	goto	i1l69
   890  00A4                     i1l65:
   891  00A4  1A94               	btfsc	20,5	;volatile
   892  00A5  28A7               	goto	u12_21
   893  00A6  28A8               	goto	u12_20
   894  00A7                     u12_21:
   895  00A7  28C4               	goto	i1l69
   896  00A8                     u12_20:
   897  00A8                     i1l816:
   898  00A8  1D14               	btfss	20,2	;volatile
   899  00A9  28AB               	goto	u13_21
   900  00AA  28AC               	goto	u13_20
   901  00AB                     u13_21:
   902  00AB  28C4               	goto	i1l69
   903  00AC                     u13_20:
   904  00AC                     i1l818:
   905                           
   906                           ;main_slave1.c: 88: 
   907  00AC  1283               	bcf	3,5	;RP0=0, select bank0
   908  00AD  1303               	bcf	3,6	;RP1=0, select bank0
   909  00AE  0813               	movf	19,w	;volatile
   910  00AF  00F0               	movwf	??_isr
   911  00B0  0870               	movf	??_isr,w
   912  00B1  00F7               	movwf	_z
   913  00B2                     i1l820:
   914                           
   915                           ;main_slave1.c: 89: 
   916  00B2  1683               	bsf	3,5	;RP0=1, select bank1
   917  00B3  1303               	bcf	3,6	;RP1=0, select bank1
   918  00B4  1014               	bcf	20,0	;volatile
   919                           
   920                           ;main_slave1.c: 90:     OSCCONbits.IRCF0 = 0;
   921  00B5  0876               	movf	_dato1,w
   922  00B6  1283               	bcf	3,5	;RP0=0, select bank0
   923  00B7  1303               	bcf	3,6	;RP1=0, select bank0
   924  00B8  0093               	movwf	19	;volatile
   925  00B9                     i1l822:
   926                           
   927                           ;main_slave1.c: 91:     OSCCONbits.IRCF1 = 1;
   928  00B9  1614               	bsf	20,4	;volatile
   929                           
   930                           ;main_slave1.c: 92:     OSCCONbits.IRCF2 = 1;
   931  00BA  3053               	movlw	83
   932  00BB  00F0               	movwf	??_isr
   933  00BC                     u22_27:
   934  00BC  0BF0               	decfsz	??_isr,f
   935  00BD  28BC               	goto	u22_27
   936  00BE                     i1l71:	
   937                           ;main_slave1.c: 93:     OSCCONbits.SCS = 1;
   938                           
   939  00BE  1683               	bsf	3,5	;RP0=1, select bank1
   940  00BF  1303               	bcf	3,6	;RP1=0, select bank1
   941  00C0  1814               	btfsc	20,0	;volatile
   942  00C1  28C3               	goto	u14_21
   943  00C2  28C4               	goto	u14_20
   944  00C3                     u14_21:
   945  00C3  28BE               	goto	i1l71
   946  00C4                     u14_20:
   947  00C4                     i1l69:
   948                           
   949                           ;main_slave1.c: 96:     OPTION_REGbits.nRBPU = 0;
   950  00C4  1283               	bcf	3,5	;RP0=0, select bank0
   951  00C5  1303               	bcf	3,6	;RP1=0, select bank0
   952  00C6  118C               	bcf	12,3	;volatile
   953  00C7                     i1l74:
   954  00C7  0874               	movf	??_isr+4,w
   955  00C8  008A               	movwf	10
   956  00C9  0E73               	swapf	??_isr+3,w
   957  00CA  0083               	movwf	3
   958  00CB  0EFE               	swapf	btemp,f
   959  00CC  0E7E               	swapf	btemp,w
   960  00CD  0009               	retfie
   961  00CE                     __end_of_isr:
   962  007E                     btemp	set	126	;btemp
   963  007E                     wtemp0	set	126
   964                           
   965                           	psect	intentry
   966  0004                     __pintentry:	
   967                           ;incstack = 0
   968                           ; Regs used in _isr: [wreg+status,2]
   969                           
   970  0004                     interrupt_function:
   971  007E                     saved_w	set	btemp
   972  0004  00FE               	movwf	btemp
   973  0005  0E03               	swapf	3,w
   974  0006  00F3               	movwf	??_isr+3
   975  0007  080A               	movf	10,w
   976  0008  00F4               	movwf	??_isr+4
   977  0009  120A  118A  2815   	ljmp	_isr
   978                           
   979                           	psect	config
   980                           
   981                           ;Config register CONFIG1 @ 0x2007
   982                           ;	Oscillator Selection bits
   983                           ;	FOSC = INTRC_NOCLKOUT, INTOSCIO oscillator: I/O function on RA6/OSC2/CLKOUT pin, I/O f
      +                          unction on RA7/OSC1/CLKIN
   984                           ;	Watchdog Timer Enable bit
   985                           ;	WDTE = OFF, WDT disabled and can be enabled by SWDTEN bit of the WDTCON register
   986                           ;	Power-up Timer Enable bit
   987                           ;	PWRTE = OFF, PWRT disabled
   988                           ;	RE3/MCLR pin function select bit
   989                           ;	MCLRE = OFF, RE3/MCLR pin function is digital input, MCLR internally tied to VDD
   990                           ;	Code Protection bit
   991                           ;	CP = OFF, Program memory code protection is disabled
   992                           ;	Data Code Protection bit
   993                           ;	CPD = OFF, Data memory code protection is disabled
   994                           ;	Brown Out Reset Selection bits
   995                           ;	BOREN = OFF, BOR disabled
   996                           ;	Internal External Switchover bit
   997                           ;	IESO = OFF, Internal/External Switchover mode is disabled
   998                           ;	Fail-Safe Clock Monitor Enabled bit
   999                           ;	FCMEN = OFF, Fail-Safe Clock Monitor is disabled
  1000                           ;	Low Voltage Programming Enable bit
  1001                           ;	LVP = OFF, RB3 pin has digital I/O, HV on MCLR must be used for programming
  1002                           ;	In-Circuit Debugger Mode bit
  1003                           ;	DEBUG = 0x1, unprogrammed default
  1004  2007                     	org	8199
  1005  2007  20D4               	dw	8404
  1006                           
  1007                           ;Config register CONFIG2 @ 0x2008
  1008                           ;	Brown-out Reset Selection bit
  1009                           ;	BOR4V = BOR40V, Brown-out Reset set to 4.0V
  1010                           ;	Flash Program Memory Self Write Enable bits
  1011                           ;	WRT = OFF, Write protection off
  1012  2008                     	org	8200
  1013  2008  3FFF               	dw	16383

Data Sizes:
    Strings     0
    Constant    0
    Data        0
    BSS         2
    Persistent  0
    Stack       0

Auto Spaces:
    Space          Size  Autos    Used
    COMMON           14      6       8
    BANK0            80      0       0
    BANK1            80      0       0
    BANK3            96      0       0
    BANK2            96      0       0

Pointer List with Targets:

    None.

Critical Paths under _main in COMMON

    _setup->_I2C_Slave_Init

Critical Paths under _isr in COMMON

    None.

Critical Paths under _main in BANK0

    None.

Critical Paths under _isr in BANK0

    None.

Critical Paths under _main in BANK1

    None.

Critical Paths under _isr in BANK1

    None.

Critical Paths under _main in BANK3

    None.

Critical Paths under _isr in BANK3

    None.

Critical Paths under _main in BANK2

    None.

Critical Paths under _isr in BANK2

    None.

Call Graph Tables:

 ---------------------------------------------------------------------------------
 (Depth) Function   	        Calls       Base Space   Used Autos Params    Refs
 ---------------------------------------------------------------------------------
 (0) _main                                                 0     0      0      15
                              _setup
 ---------------------------------------------------------------------------------
 (1) _setup                                                0     0      0      15
                     _I2C_Slave_Init
 ---------------------------------------------------------------------------------
 (2) _I2C_Slave_Init                                       1     1      0      15
                                              5 COMMON     1     1      0
 ---------------------------------------------------------------------------------
 Estimated maximum stack depth 2
 ---------------------------------------------------------------------------------
 (Depth) Function   	        Calls       Base Space   Used Autos Params    Refs
 ---------------------------------------------------------------------------------
 (3) _isr                                                  5     5      0       0
                                              0 COMMON     5     5      0
 ---------------------------------------------------------------------------------
 Estimated maximum stack depth 3
 ---------------------------------------------------------------------------------

 Call Graph Graphs:

 _main (ROOT)
   _setup
     _I2C_Slave_Init

 _isr (ROOT)

 Address spaces:
Name               Size   Autos  Total    Cost      Usage
BITCOMMON            E      0       0       0        0.0%
EEDATA             100      0       0       0        0.0%
NULL                 0      0       0       0        0.0%
CODE                 0      0       0       0        0.0%
COMMON               E      6       8       1       57.1%
BITSFR0              0      0       0       1        0.0%
SFR0                 0      0       0       1        0.0%
BITSFR1              0      0       0       2        0.0%
SFR1                 0      0       0       2        0.0%
STACK                0      0       0       2        0.0%
ABS                  0      0       8       3        0.0%
BITBANK0            50      0       0       4        0.0%
BITSFR3              0      0       0       4        0.0%
SFR3                 0      0       0       4        0.0%
BANK0               50      0       0       5        0.0%
BITSFR2              0      0       0       5        0.0%
SFR2                 0      0       0       5        0.0%
BITBANK1            50      0       0       6        0.0%
BANK1               50      0       0       7        0.0%
BITBANK3            60      0       0       8        0.0%
BANK3               60      0       0       9        0.0%
BITBANK2            60      0       0      10        0.0%
BANK2               60      0       0      11        0.0%
DATA                 0      0       8      12        0.0%


Microchip Technology PIC Macro Assembler V2.31 build 20201012212115 
Symbol Table                                                                                   Tue Aug 24 19:41:24 2021

                      _z 0077              _SSPSTATbits 0094                       _BF 04A0  
                     l80 0111                       l85 00F1                       l79 0111  
                    l140 010B                      l740 0104                      l732 00F3  
                    l742 0105                      l734 0101                      l750 00DD  
                    l744 0108                      l736 0102                      l760 00E4  
                    l752 00E0                      l824 010C                      l738 0103  
                    l770 00EA                      l762 00E6                      l754 00E1  
                    l746 00CE                      l772 00EB                      l764 00E7  
                    l756 00E2                      l748 00D2                      l766 00E8  
                    l758 00E3                      l768 00E9                      _GIE 005F  
                    _isr 0015                     ?_isr 0070                     _PEIE 005E  
                   _RBIF 0058                     i1l71 00BE                     i1l65 00A4  
                   i1l66 0093                     i1l74 00C7                     i1l58 0064  
                   i1l69 00C4                     _WPUB 0095                     u3_20 0019  
                   u3_21 0018                     u4_20 001F                     u4_21 001E  
                   u5_20 0068                     u5_21 0067                     u6_20 0071  
                   u6_21 0070                     u7_20 0076                     u7_21 0075  
                   u8_20 007A                     u8_21 0079                     u9_20 0087  
                   u9_21 0086                     _main 010C                     btemp 007E  
                   start 000C                    ??_isr 0070                    ?_main 0070  
                  _ANSEL 0188                    i1l800 007F                    i1l810 0091  
                  i1l802 0080                    i1l820 00B2                    i1l812 0092  
                  i1l804 0081                    i1l822 00B9                    i1l814 0099  
                  i1l806 0087                    i1l816 00A8                    i1l808 008B  
                  i1l818 00AC                    i1l780 0019                    i1l782 001F  
                  i1l790 006B                    i1l792 0071                    i1l784 0061  
                  i1l794 0076                    i1l786 0068                    i1l778 0015  
                  i1l796 007A                    i1l788 006A                    i1l798 007E  
                  u10_20 008B                    u10_21 008A                    u11_20 0099  
                  u11_21 0098                    u12_20 00A8                    u12_21 00A7  
                  u20_27 005A                    u13_20 00AC                    u13_21 00AB  
                  u21_27 00A1                    u14_20 00C4                    u14_21 00C3  
                  u22_27 00BC                    u17_27 0027                    u18_27 0038  
                  _PORTA 0005                    _PORTB 0006                    _PORTC 0007  
                  _PORTD 0008                    _PORTE 0009                    u19_27 0049  
                  _TRISD 0088                    _SSPIE 0463                    _SSPIF 0063  
                  _dato1 0076                    _setup 00CE                    pclath 000A  
                  status 0003                    wtemp0 007E          __initialization 000F  
           __end_of_main 0115                   ??_main 0076                   ?_setup 0070  
                 _ANSELH 0189                   _SSPADD 0093                   _TRISC3 043B  
                 _TRISC4 043C                   _SSPBUF 0013                   _SSPCON 0014  
                 saved_w 007E  __end_of__initialization 0011           __pcstackCOMMON 0070  
__size_of_I2C_Slave_Init 001A            __end_of_setup 00F2           _OPTION_REGbits 0081  
                ??_setup 0076    I2C_Slave_Init@address 0075               __pmaintext 010C  
             __pintentry 0004                  _SSPCON2 0091                  _SSPSTAT 0094  
                __ptext1 00CE                  __ptext2 00F2                  __ptext3 0015  
           __size_of_isr 00B9     end_of_initialization 0011           _I2C_Slave_Init 00F2  
              _PORTBbits 0006                _TRISBbits 0086                _TRISCbits 0087  
 __end_of_I2C_Slave_Init 010C      start_initialization 000F              __end_of_isr 00CE  
        ?_I2C_Slave_Init 0070              __pbssCOMMON 0076                ___latbits 0002  
         __size_of_setup 0024        interrupt_function 0004                 _IOCBbits 0096  
               _PIR1bits 000C         ??_I2C_Slave_Init 0075            __size_of_main 0009  
             _INTCONbits 000B                 intlevel1 0000               _OSCCONbits 008F  
            _SSPCON2bits 0091               _SSPCONbits 0014  
